[Modules] Modules initializing
[Modules] Distribution: remote
[Modules] Host updates: enabled
[Modules] Module updates: enabled
[Modules] Install path: /home/grish/src/arch20xx/dotfiles/discord/0.0.1/modules
[Modules] Bootstrapping...
[Modules] Installing discord_rpc@1 from /opt/discord/resources/bootstrap/discord_rpc.zip
[Modules] Installing discord_toaster@1 from /opt/discord/resources/bootstrap/discord_toaster.zip
[Modules] Installing discord_utils@1 from /opt/discord/resources/bootstrap/discord_utils.zip
[Modules] Installing discord_voice@1 from /opt/discord/resources/bootstrap/discord_voice.zip
[Modules] Finished module installations. [success: 4] [failure: 0]
[Modules] Checking for host updates.
[Modules] Host is up to date.
[Modules] Checking for module updates at https://discordapp.com/api/modules/stable/versions.json
[Modules] No module updates available.
[Modules] Checking for host updates.
[Modules] Host is up to date.
[Modules] Checking for module updates at https://discordapp.com/api/modules/stable/versions.json
[Modules] No module updates available.
[Modules] Modules initializing
[Modules] Distribution: remote
[Modules] Host updates: enabled
[Modules] Module updates: enabled
[Modules] Install path: /home/grish/src/arch20xx/dotfiles/discord/0.0.1/modules
[Modules] No updates to install
[Modules] Checking for host updates.
[Modules] Host is up to date.
[Modules] Checking for module updates at https://discordapp.com/api/modules/stable/versions.json
[Modules] No module updates available.
